<?xml version="1.0" encoding="UTF-8"?>
<!-- Generated by org.testng.reporters.JUnitReportReporter -->
<testsuite hostname="Supriya" failures="0" tests="1" name="UploadResume.ResumeUploading" time="5.642" errors="0" timestamp="2025-04-12T21:06:56 IST" skipped="0">
  <testcase classname="UploadResume.ResumeUploading" name="login" time="5.642"/>
</testsuite> <!-- UploadResume.ResumeUploading -->
